{"t":{"$date":"2021-10-21T09:33:52.119-04:00"},"s":"I",  "c":"CONTROL",  "id":23285,   "ctx":"-","msg":"Automatically disabling TLS 1.0, to force-enable TLS 1.0 specify --sslDisabledProtocols 'none'"}
{"t":{"$date":"2021-10-21T09:33:52.121-04:00"},"s":"I",  "c":"NETWORK",  "id":4915701, "ctx":"-","msg":"Initialized wire specification","attr":{"spec":{"incomingExternalClient":{"minWireVersion":0,"maxWireVersion":13},"incomingInternalClient":{"minWireVersion":0,"maxWireVersion":13},"outgoing":{"minWireVersion":0,"maxWireVersion":13},"isInternalClient":true}}}
{"t":{"$date":"2021-10-21T09:33:52.123-04:00"},"s":"W",  "c":"ASIO",     "id":22601,   "ctx":"main","msg":"No TransportLayer configured during NetworkInterface startup"}
{"t":{"$date":"2021-10-21T09:33:52.123-04:00"},"s":"I",  "c":"NETWORK",  "id":4648602, "ctx":"main","msg":"Implicit TCP FastOpen in use."}
{"t":{"$date":"2021-10-21T09:33:52.124-04:00"},"s":"W",  "c":"ASIO",     "id":22601,   "ctx":"main","msg":"No TransportLayer configured during NetworkInterface startup"}
{"t":{"$date":"2021-10-21T09:33:52.125-04:00"},"s":"I",  "c":"REPL",     "id":5123008, "ctx":"main","msg":"Successfully registered PrimaryOnlyService","attr":{"service":"TenantMigrationDonorService","ns":"config.tenantMigrationDonors"}}
{"t":{"$date":"2021-10-21T09:33:52.125-04:00"},"s":"I",  "c":"REPL",     "id":5123008, "ctx":"main","msg":"Successfully registered PrimaryOnlyService","attr":{"service":"TenantMigrationRecipientService","ns":"config.tenantMigrationRecipients"}}
{"t":{"$date":"2021-10-21T09:33:52.125-04:00"},"s":"I",  "c":"CONTROL",  "id":4615611, "ctx":"initandlisten","msg":"MongoDB starting","attr":{"pid":12205,"port":27017,"dbPath":"/usr/local/var/mongodb","architecture":"64-bit","host":"RBXDev05.local"}}
{"t":{"$date":"2021-10-21T09:33:52.125-04:00"},"s":"I",  "c":"CONTROL",  "id":23403,   "ctx":"initandlisten","msg":"Build Info","attr":{"buildInfo":{"version":"5.0.3","gitVersion":"657fea5a61a74d7a79df7aff8e4bcf0bc742b748","modules":[],"allocator":"system","environment":{"distarch":"x86_64","target_arch":"x86_64"}}}}
{"t":{"$date":"2021-10-21T09:33:52.125-04:00"},"s":"I",  "c":"CONTROL",  "id":51765,   "ctx":"initandlisten","msg":"Operating System","attr":{"os":{"name":"Mac OS X","version":"20.6.0"}}}
{"t":{"$date":"2021-10-21T09:33:52.125-04:00"},"s":"I",  "c":"CONTROL",  "id":21951,   "ctx":"initandlisten","msg":"Options set by command line","attr":{"options":{"config":"/usr/local/etc/mongod.conf","net":{"bindIp":"127.0.0.1"},"storage":{"dbPath":"/usr/local/var/mongodb"},"systemLog":{"destination":"file","logAppend":true,"path":"/usr/local/var/log/mongodb/mongo.log"}}}}
{"t":{"$date":"2021-10-21T09:33:52.126-04:00"},"s":"I",  "c":"STORAGE",  "id":22315,   "ctx":"initandlisten","msg":"Opening WiredTiger","attr":{"config":"create,cache_size=32256M,session_max=33000,eviction=(threads_min=4,threads_max=4),config_base=false,statistics=(fast),log=(enabled=true,archive=true,path=journal,compressor=snappy),builtin_extension_config=(zstd=(compression_level=6)),file_manager=(close_idle_time=600,close_scan_interval=10,close_handle_minimum=250),statistics_log=(wait=0),verbose=[recovery_progress,checkpoint_progress,compact_progress],"}}
{"t":{"$date":"2021-10-21T09:33:52.681-04:00"},"s":"I",  "c":"STORAGE",  "id":22430,   "ctx":"initandlisten","msg":"WiredTiger message","attr":{"message":"[1634823232:681211][12205:0x111a24e00], txn-recover: [WT_VERB_RECOVERY | WT_VERB_RECOVERY_PROGRESS] Set global recovery timestamp: (0, 0)"}}
{"t":{"$date":"2021-10-21T09:33:52.681-04:00"},"s":"I",  "c":"STORAGE",  "id":22430,   "ctx":"initandlisten","msg":"WiredTiger message","attr":{"message":"[1634823232:681372][12205:0x111a24e00], txn-recover: [WT_VERB_RECOVERY | WT_VERB_RECOVERY_PROGRESS] Set global oldest timestamp: (0, 0)"}}
{"t":{"$date":"2021-10-21T09:33:52.770-04:00"},"s":"I",  "c":"STORAGE",  "id":4795906, "ctx":"initandlisten","msg":"WiredTiger opened","attr":{"durationMillis":644}}
{"t":{"$date":"2021-10-21T09:33:52.791-04:00"},"s":"I",  "c":"RECOVERY", "id":23987,   "ctx":"initandlisten","msg":"WiredTiger recoveryTimestamp","attr":{"recoveryTimestamp":{"$timestamp":{"t":0,"i":0}}}}
{"t":{"$date":"2021-10-21T09:33:52.946-04:00"},"s":"I",  "c":"STORAGE",  "id":4366408, "ctx":"initandlisten","msg":"No table logging settings modifications are required for existing WiredTiger tables","attr":{"loggingEnabled":true}}
{"t":{"$date":"2021-10-21T09:33:52.946-04:00"},"s":"I",  "c":"STORAGE",  "id":22262,   "ctx":"initandlisten","msg":"Timestamp monitor starting"}
{"t":{"$date":"2021-10-21T09:33:52.948-04:00"},"s":"W",  "c":"CONTROL",  "id":22120,   "ctx":"initandlisten","msg":"Access control is not enabled for the database. Read and write access to data and configuration is unrestricted","tags":["startupWarnings"]}
{"t":{"$date":"2021-10-21T09:33:52.948-04:00"},"s":"W",  "c":"CONTROL",  "id":22138,   "ctx":"initandlisten","msg":"You are running this process as the root user, which is not recommended","tags":["startupWarnings"]}
{"t":{"$date":"2021-10-21T09:33:52.948-04:00"},"s":"I",  "c":"STORAGE",  "id":20320,   "ctx":"initandlisten","msg":"createCollection","attr":{"namespace":"admin.system.version","uuidDisposition":"provided","uuid":{"uuid":{"$uuid":"0db94fcb-2c0f-4e52-b42c-c68aedc77678"}},"options":{"uuid":{"$uuid":"0db94fcb-2c0f-4e52-b42c-c68aedc77678"}}}}
{"t":{"$date":"2021-10-21T09:33:53.058-04:00"},"s":"I",  "c":"INDEX",    "id":20345,   "ctx":"initandlisten","msg":"Index build: done building","attr":{"buildUUID":null,"namespace":"admin.system.version","index":"_id_","commitTimestamp":null}}
{"t":{"$date":"2021-10-21T09:33:53.059-04:00"},"s":"I",  "c":"REPL",     "id":20459,   "ctx":"initandlisten","msg":"Setting featureCompatibilityVersion","attr":{"newVersion":"5.0"}}
{"t":{"$date":"2021-10-21T09:33:53.059-04:00"},"s":"I",  "c":"NETWORK",  "id":4915702, "ctx":"initandlisten","msg":"Updated wire specification","attr":{"oldSpec":{"incomingExternalClient":{"minWireVersion":0,"maxWireVersion":13},"incomingInternalClient":{"minWireVersion":0,"maxWireVersion":13},"outgoing":{"minWireVersion":0,"maxWireVersion":13},"isInternalClient":true},"newSpec":{"incomingExternalClient":{"minWireVersion":0,"maxWireVersion":13},"incomingInternalClient":{"minWireVersion":13,"maxWireVersion":13},"outgoing":{"minWireVersion":13,"maxWireVersion":13},"isInternalClient":true}}}
{"t":{"$date":"2021-10-21T09:33:53.059-04:00"},"s":"I",  "c":"NETWORK",  "id":4915702, "ctx":"initandlisten","msg":"Updated wire specification","attr":{"oldSpec":{"incomingExternalClient":{"minWireVersion":0,"maxWireVersion":13},"incomingInternalClient":{"minWireVersion":13,"maxWireVersion":13},"outgoing":{"minWireVersion":13,"maxWireVersion":13},"isInternalClient":true},"newSpec":{"incomingExternalClient":{"minWireVersion":0,"maxWireVersion":13},"incomingInternalClient":{"minWireVersion":13,"maxWireVersion":13},"outgoing":{"minWireVersion":13,"maxWireVersion":13},"isInternalClient":true}}}
{"t":{"$date":"2021-10-21T09:33:53.060-04:00"},"s":"I",  "c":"STORAGE",  "id":5071100, "ctx":"initandlisten","msg":"Clearing temp directory"}
{"t":{"$date":"2021-10-21T09:33:53.060-04:00"},"s":"I",  "c":"CONTROL",  "id":20536,   "ctx":"initandlisten","msg":"Flow Control is enabled on this deployment"}
{"t":{"$date":"2021-10-21T09:33:53.061-04:00"},"s":"I",  "c":"FTDC",     "id":20625,   "ctx":"initandlisten","msg":"Initializing full-time diagnostic data capture","attr":{"dataDirectory":"/usr/local/var/mongodb/diagnostic.data"}}
{"t":{"$date":"2021-10-21T09:33:53.061-04:00"},"s":"I",  "c":"STORAGE",  "id":20320,   "ctx":"initandlisten","msg":"createCollection","attr":{"namespace":"local.startup_log","uuidDisposition":"generated","uuid":{"uuid":{"$uuid":"7549d6c8-e674-4b1b-bc52-519aace37083"}},"options":{"capped":true,"size":10485760}}}
{"t":{"$date":"2021-10-21T09:33:53.152-04:00"},"s":"I",  "c":"INDEX",    "id":20345,   "ctx":"initandlisten","msg":"Index build: done building","attr":{"buildUUID":null,"namespace":"local.startup_log","index":"_id_","commitTimestamp":null}}
{"t":{"$date":"2021-10-21T09:33:53.153-04:00"},"s":"I",  "c":"NETWORK",  "id":23015,   "ctx":"listener","msg":"Listening on","attr":{"address":"/tmp/mongodb-27017.sock"}}
{"t":{"$date":"2021-10-21T09:33:53.153-04:00"},"s":"I",  "c":"NETWORK",  "id":23015,   "ctx":"listener","msg":"Listening on","attr":{"address":"127.0.0.1"}}
{"t":{"$date":"2021-10-21T09:33:53.153-04:00"},"s":"I",  "c":"NETWORK",  "id":23016,   "ctx":"listener","msg":"Waiting for connections","attr":{"port":27017,"ssl":"off"}}
{"t":{"$date":"2021-10-21T09:33:53.153-04:00"},"s":"I",  "c":"CONTROL",  "id":20712,   "ctx":"LogicalSessionCacheReap","msg":"Sessions collection is not set up; waiting until next sessions reap interval","attr":{"error":"NamespaceNotFound: config.system.sessions does not exist"}}
{"t":{"$date":"2021-10-21T09:33:53.153-04:00"},"s":"I",  "c":"STORAGE",  "id":20320,   "ctx":"LogicalSessionCacheRefresh","msg":"createCollection","attr":{"namespace":"config.system.sessions","uuidDisposition":"generated","uuid":{"uuid":{"$uuid":"147bba1b-616e-453a-8597-7fcede4344c5"}},"options":{}}}
{"t":{"$date":"2021-10-21T09:33:53.292-04:00"},"s":"I",  "c":"INDEX",    "id":20345,   "ctx":"LogicalSessionCacheRefresh","msg":"Index build: done building","attr":{"buildUUID":null,"namespace":"config.system.sessions","index":"_id_","commitTimestamp":null}}
{"t":{"$date":"2021-10-21T09:33:53.292-04:00"},"s":"I",  "c":"INDEX",    "id":20345,   "ctx":"LogicalSessionCacheRefresh","msg":"Index build: done building","attr":{"buildUUID":null,"namespace":"config.system.sessions","index":"lsidTTLIndex","commitTimestamp":null}}
{"t":{"$date":"2021-10-21T09:33:53.293-04:00"},"s":"I",  "c":"COMMAND",  "id":51803,   "ctx":"LogicalSessionCacheRefresh","msg":"Slow query","attr":{"type":"command","ns":"config.system.sessions","command":{"createIndexes":"system.sessions","v":2,"indexes":[{"key":{"lastUse":1},"name":"lsidTTLIndex","expireAfterSeconds":1800}],"ignoreUnknownIndexOptions":false,"writeConcern":{},"$db":"config"},"numYields":0,"reslen":114,"locks":{"ParallelBatchWriterMode":{"acquireCount":{"r":4}},"ReplicationStateTransition":{"acquireCount":{"w":4}},"Global":{"acquireCount":{"r":4,"w":1}},"Database":{"acquireCount":{"r":3,"w":1}},"Collection":{"acquireCount":{"r":3,"w":1}},"Mutex":{"acquireCount":{"r":6}}},"storage":{},"protocol":"op_msg","durationMillis":139}}
{"t":{"$date":"2021-10-21T09:34:53.008-04:00"},"s":"I",  "c":"STORAGE",  "id":22430,   "ctx":"Checkpointer","msg":"WiredTiger message","attr":{"message":"[1634823293:8108][12205:0x700005ec0000], WT_SESSION.checkpoint: [WT_VERB_CHECKPOINT_PROGRESS] saving checkpoint snapshot min: 34, snapshot max: 34 snapshot count: 0, oldest timestamp: (0, 0) , meta checkpoint timestamp: (0, 0) base write gen: 1"}}
{"t":{"$date":"2021-10-21T09:35:53.323-04:00"},"s":"I",  "c":"STORAGE",  "id":22430,   "ctx":"Checkpointer","msg":"WiredTiger message","attr":{"message":"[1634823353:323965][12205:0x700005ec0000], WT_SESSION.checkpoint: [WT_VERB_CHECKPOINT_PROGRESS] saving checkpoint snapshot min: 37, snapshot max: 37 snapshot count: 0, oldest timestamp: (0, 0) , meta checkpoint timestamp: (0, 0) base write gen: 1"}}
{"t":{"$date":"2021-10-21T09:36:53.558-04:00"},"s":"I",  "c":"STORAGE",  "id":22430,   "ctx":"Checkpointer","msg":"WiredTiger message","attr":{"message":"[1634823413:558461][12205:0x700005ec0000], WT_SESSION.checkpoint: [WT_VERB_CHECKPOINT_PROGRESS] saving checkpoint snapshot min: 39, snapshot max: 39 snapshot count: 0, oldest timestamp: (0, 0) , meta checkpoint timestamp: (0, 0) base write gen: 1"}}
{"t":{"$date":"2021-10-21T09:37:53.797-04:00"},"s":"I",  "c":"STORAGE",  "id":22430,   "ctx":"Checkpointer","msg":"WiredTiger message","attr":{"message":"[1634823473:797809][12205:0x700005ec0000], WT_SESSION.checkpoint: [WT_VERB_CHECKPOINT_PROGRESS] saving checkpoint snapshot min: 41, snapshot max: 41 snapshot count: 0, oldest timestamp: (0, 0) , meta checkpoint timestamp: (0, 0) base write gen: 1"}}
{"t":{"$date":"2021-10-21T09:38:53.984-04:00"},"s":"I",  "c":"STORAGE",  "id":22430,   "ctx":"Checkpointer","msg":"WiredTiger message","attr":{"message":"[1634823533:984296][12205:0x700005ec0000], WT_SESSION.checkpoint: [WT_VERB_CHECKPOINT_PROGRESS] saving checkpoint snapshot min: 43, snapshot max: 43 snapshot count: 0, oldest timestamp: (0, 0) , meta checkpoint timestamp: (0, 0) base write gen: 1"}}
{"t":{"$date":"2021-10-21T09:39:54.166-04:00"},"s":"I",  "c":"STORAGE",  "id":22430,   "ctx":"Checkpointer","msg":"WiredTiger message","attr":{"message":"[1634823594:166094][12205:0x700005ec0000], WT_SESSION.checkpoint: [WT_VERB_CHECKPOINT_PROGRESS] saving checkpoint snapshot min: 45, snapshot max: 45 snapshot count: 0, oldest timestamp: (0, 0) , meta checkpoint timestamp: (0, 0) base write gen: 1"}}
{"t":{"$date":"2021-10-21T09:40:54.351-04:00"},"s":"I",  "c":"STORAGE",  "id":22430,   "ctx":"Checkpointer","msg":"WiredTiger message","attr":{"message":"[1634823654:351632][12205:0x700005ec0000], WT_SESSION.checkpoint: [WT_VERB_CHECKPOINT_PROGRESS] saving checkpoint snapshot min: 47, snapshot max: 47 snapshot count: 0, oldest timestamp: (0, 0) , meta checkpoint timestamp: (0, 0) base write gen: 1"}}
{"t":{"$date":"2021-10-21T09:41:54.529-04:00"},"s":"I",  "c":"STORAGE",  "id":22430,   "ctx":"Checkpointer","msg":"WiredTiger message","attr":{"message":"[1634823714:529357][12205:0x700005ec0000], WT_SESSION.checkpoint: [WT_VERB_CHECKPOINT_PROGRESS] saving checkpoint snapshot min: 49, snapshot max: 49 snapshot count: 0, oldest timestamp: (0, 0) , meta checkpoint timestamp: (0, 0) base write gen: 1"}}
{"t":{"$date":"2021-10-21T09:42:54.719-04:00"},"s":"I",  "c":"STORAGE",  "id":22430,   "ctx":"Checkpointer","msg":"WiredTiger message","attr":{"message":"[1634823774:719325][12205:0x700005ec0000], WT_SESSION.checkpoint: [WT_VERB_CHECKPOINT_PROGRESS] saving checkpoint snapshot min: 51, snapshot max: 51 snapshot count: 0, oldest timestamp: (0, 0) , meta checkpoint timestamp: (0, 0) base write gen: 1"}}
{"t":{"$date":"2021-10-21T09:43:54.907-04:00"},"s":"I",  "c":"STORAGE",  "id":22430,   "ctx":"Checkpointer","msg":"WiredTiger message","attr":{"message":"[1634823834:907136][12205:0x700005ec0000], WT_SESSION.checkpoint: [WT_VERB_CHECKPOINT_PROGRESS] saving checkpoint snapshot min: 53, snapshot max: 53 snapshot count: 0, oldest timestamp: (0, 0) , meta checkpoint timestamp: (0, 0) base write gen: 1"}}
{"t":{"$date":"2021-10-21T09:44:55.130-04:00"},"s":"I",  "c":"STORAGE",  "id":22430,   "ctx":"Checkpointer","msg":"WiredTiger message","attr":{"message":"[1634823895:130588][12205:0x700005ec0000], WT_SESSION.checkpoint: [WT_VERB_CHECKPOINT_PROGRESS] saving checkpoint snapshot min: 55, snapshot max: 55 snapshot count: 0, oldest timestamp: (0, 0) , meta checkpoint timestamp: (0, 0) base write gen: 1"}}
{"t":{"$date":"2021-10-21T09:45:55.424-04:00"},"s":"I",  "c":"STORAGE",  "id":22430,   "ctx":"Checkpointer","msg":"WiredTiger message","attr":{"message":"[1634823955:424761][12205:0x700005ec0000], WT_SESSION.checkpoint: [WT_VERB_CHECKPOINT_PROGRESS] saving checkpoint snapshot min: 57, snapshot max: 57 snapshot count: 0, oldest timestamp: (0, 0) , meta checkpoint timestamp: (0, 0) base write gen: 1"}}
{"t":{"$date":"2021-10-21T09:46:55.678-04:00"},"s":"I",  "c":"STORAGE",  "id":22430,   "ctx":"Checkpointer","msg":"WiredTiger message","attr":{"message":"[1634824015:678541][12205:0x700005ec0000], WT_SESSION.checkpoint: [WT_VERB_CHECKPOINT_PROGRESS] saving checkpoint snapshot min: 59, snapshot max: 59 snapshot count: 0, oldest timestamp: (0, 0) , meta checkpoint timestamp: (0, 0) base write gen: 1"}}
{"t":{"$date":"2021-10-21T09:47:55.951-04:00"},"s":"I",  "c":"STORAGE",  "id":22430,   "ctx":"Checkpointer","msg":"WiredTiger message","attr":{"message":"[1634824075:951070][12205:0x700005ec0000], WT_SESSION.checkpoint: [WT_VERB_CHECKPOINT_PROGRESS] saving checkpoint snapshot min: 61, snapshot max: 61 snapshot count: 0, oldest timestamp: (0, 0) , meta checkpoint timestamp: (0, 0) base write gen: 1"}}
{"t":{"$date":"2021-10-21T09:48:56.212-04:00"},"s":"I",  "c":"STORAGE",  "id":22430,   "ctx":"Checkpointer","msg":"WiredTiger message","attr":{"message":"[1634824136:211980][12205:0x700005ec0000], WT_SESSION.checkpoint: [WT_VERB_CHECKPOINT_PROGRESS] saving checkpoint snapshot min: 63, snapshot max: 63 snapshot count: 0, oldest timestamp: (0, 0) , meta checkpoint timestamp: (0, 0) base write gen: 1"}}
{"t":{"$date":"2021-10-21T09:49:56.470-04:00"},"s":"I",  "c":"STORAGE",  "id":22430,   "ctx":"Checkpointer","msg":"WiredTiger message","attr":{"message":"[1634824196:470799][12205:0x700005ec0000], WT_SESSION.checkpoint: [WT_VERB_CHECKPOINT_PROGRESS] saving checkpoint snapshot min: 65, snapshot max: 65 snapshot count: 0, oldest timestamp: (0, 0) , meta checkpoint timestamp: (0, 0) base write gen: 1"}}
{"t":{"$date":"2021-10-21T09:50:56.614-04:00"},"s":"I",  "c":"STORAGE",  "id":22430,   "ctx":"Checkpointer","msg":"WiredTiger message","attr":{"message":"[1634824256:614562][12205:0x700005ec0000], WT_SESSION.checkpoint: [WT_VERB_CHECKPOINT_PROGRESS] saving checkpoint snapshot min: 67, snapshot max: 67 snapshot count: 0, oldest timestamp: (0, 0) , meta checkpoint timestamp: (0, 0) base write gen: 1"}}
{"t":{"$date":"2021-10-21T09:51:51.588-04:00"},"s":"I",  "c":"CONTROL",  "id":23377,   "ctx":"SignalHandler","msg":"Received signal","attr":{"signal":15,"error":"Terminated: 15"}}
{"t":{"$date":"2021-10-21T09:51:51.588-04:00"},"s":"I",  "c":"CONTROL",  "id":23381,   "ctx":"SignalHandler","msg":"will terminate after current cmd ends"}
{"t":{"$date":"2021-10-21T09:51:51.588-04:00"},"s":"I",  "c":"REPL",     "id":4784900, "ctx":"SignalHandler","msg":"Stepping down the ReplicationCoordinator for shutdown","attr":{"waitTimeMillis":15000}}
{"t":{"$date":"2021-10-21T09:51:51.588-04:00"},"s":"I",  "c":"REPL",     "id":4794602, "ctx":"SignalHandler","msg":"Attempting to enter quiesce mode"}
{"t":{"$date":"2021-10-21T09:51:51.588-04:00"},"s":"I",  "c":"COMMAND",  "id":4784901, "ctx":"SignalHandler","msg":"Shutting down the MirrorMaestro"}
{"t":{"$date":"2021-10-21T09:51:51.588-04:00"},"s":"I",  "c":"SHARDING", "id":4784902, "ctx":"SignalHandler","msg":"Shutting down the WaitForMajorityService"}
{"t":{"$date":"2021-10-21T09:51:51.588-04:00"},"s":"I",  "c":"CONTROL",  "id":4784903, "ctx":"SignalHandler","msg":"Shutting down the LogicalSessionCache"}
{"t":{"$date":"2021-10-21T09:51:51.588-04:00"},"s":"I",  "c":"NETWORK",  "id":20562,   "ctx":"SignalHandler","msg":"Shutdown: going to close listening sockets"}
{"t":{"$date":"2021-10-21T09:51:51.588-04:00"},"s":"I",  "c":"NETWORK",  "id":23017,   "ctx":"listener","msg":"removing socket file","attr":{"path":"/tmp/mongodb-27017.sock"}}
{"t":{"$date":"2021-10-21T09:51:51.588-04:00"},"s":"I",  "c":"NETWORK",  "id":4784905, "ctx":"SignalHandler","msg":"Shutting down the global connection pool"}
{"t":{"$date":"2021-10-21T09:51:51.588-04:00"},"s":"I",  "c":"CONTROL",  "id":4784906, "ctx":"SignalHandler","msg":"Shutting down the FlowControlTicketholder"}
{"t":{"$date":"2021-10-21T09:51:51.588-04:00"},"s":"I",  "c":"-",        "id":20520,   "ctx":"SignalHandler","msg":"Stopping further Flow Control ticket acquisitions."}
{"t":{"$date":"2021-10-21T09:51:51.589-04:00"},"s":"I",  "c":"CONTROL",  "id":4784908, "ctx":"SignalHandler","msg":"Shutting down the PeriodicThreadToAbortExpiredTransactions"}
{"t":{"$date":"2021-10-21T09:51:51.589-04:00"},"s":"I",  "c":"REPL",     "id":4784909, "ctx":"SignalHandler","msg":"Shutting down the ReplicationCoordinator"}
{"t":{"$date":"2021-10-21T09:51:51.589-04:00"},"s":"I",  "c":"SHARDING", "id":4784910, "ctx":"SignalHandler","msg":"Shutting down the ShardingInitializationMongoD"}
{"t":{"$date":"2021-10-21T09:51:51.589-04:00"},"s":"I",  "c":"REPL",     "id":4784911, "ctx":"SignalHandler","msg":"Enqueuing the ReplicationStateTransitionLock for shutdown"}
{"t":{"$date":"2021-10-21T09:51:51.589-04:00"},"s":"I",  "c":"-",        "id":4784912, "ctx":"SignalHandler","msg":"Killing all operations for shutdown"}
{"t":{"$date":"2021-10-21T09:51:51.589-04:00"},"s":"I",  "c":"-",        "id":4695300, "ctx":"SignalHandler","msg":"Interrupted all currently running operations","attr":{"opsKilled":3}}
{"t":{"$date":"2021-10-21T09:51:51.589-04:00"},"s":"I",  "c":"TENANT_M", "id":5093807, "ctx":"SignalHandler","msg":"Shutting down all TenantMigrationAccessBlockers on global shutdown"}
{"t":{"$date":"2021-10-21T09:51:51.589-04:00"},"s":"I",  "c":"COMMAND",  "id":4784913, "ctx":"SignalHandler","msg":"Shutting down all open transactions"}
{"t":{"$date":"2021-10-21T09:51:51.589-04:00"},"s":"I",  "c":"REPL",     "id":4784914, "ctx":"SignalHandler","msg":"Acquiring the ReplicationStateTransitionLock for shutdown"}
{"t":{"$date":"2021-10-21T09:51:51.589-04:00"},"s":"I",  "c":"INDEX",    "id":4784915, "ctx":"SignalHandler","msg":"Shutting down the IndexBuildsCoordinator"}
{"t":{"$date":"2021-10-21T09:51:51.589-04:00"},"s":"I",  "c":"REPL",     "id":4784916, "ctx":"SignalHandler","msg":"Reacquiring the ReplicationStateTransitionLock for shutdown"}
{"t":{"$date":"2021-10-21T09:51:51.589-04:00"},"s":"I",  "c":"REPL",     "id":4784917, "ctx":"SignalHandler","msg":"Attempting to mark clean shutdown"}
{"t":{"$date":"2021-10-21T09:51:51.589-04:00"},"s":"I",  "c":"NETWORK",  "id":4784918, "ctx":"SignalHandler","msg":"Shutting down the ReplicaSetMonitor"}
{"t":{"$date":"2021-10-21T09:51:51.589-04:00"},"s":"I",  "c":"SHARDING", "id":4784921, "ctx":"SignalHandler","msg":"Shutting down the MigrationUtilExecutor"}
{"t":{"$date":"2021-10-21T09:51:51.589-04:00"},"s":"I",  "c":"ASIO",     "id":22582,   "ctx":"MigrationUtil-TaskExecutor","msg":"Killing all outstanding egress activity."}
{"t":{"$date":"2021-10-21T09:51:51.589-04:00"},"s":"I",  "c":"COMMAND",  "id":4784923, "ctx":"SignalHandler","msg":"Shutting down the ServiceEntryPoint"}
{"t":{"$date":"2021-10-21T09:51:51.589-04:00"},"s":"I",  "c":"CONTROL",  "id":4784925, "ctx":"SignalHandler","msg":"Shutting down free monitoring"}
{"t":{"$date":"2021-10-21T09:51:51.589-04:00"},"s":"I",  "c":"CONTROL",  "id":20609,   "ctx":"SignalHandler","msg":"Shutting down free monitoring"}
{"t":{"$date":"2021-10-21T09:51:51.589-04:00"},"s":"I",  "c":"CONTROL",  "id":4784927, "ctx":"SignalHandler","msg":"Shutting down the HealthLog"}
{"t":{"$date":"2021-10-21T09:51:51.589-04:00"},"s":"I",  "c":"CONTROL",  "id":4784928, "ctx":"SignalHandler","msg":"Shutting down the TTL monitor"}
{"t":{"$date":"2021-10-21T09:51:51.589-04:00"},"s":"I",  "c":"INDEX",    "id":3684100, "ctx":"SignalHandler","msg":"Shutting down TTL collection monitor thread"}
{"t":{"$date":"2021-10-21T09:51:51.589-04:00"},"s":"I",  "c":"INDEX",    "id":3684101, "ctx":"SignalHandler","msg":"Finished shutting down TTL collection monitor thread"}
{"t":{"$date":"2021-10-21T09:51:51.589-04:00"},"s":"I",  "c":"CONTROL",  "id":4784929, "ctx":"SignalHandler","msg":"Acquiring the global lock for shutdown"}
{"t":{"$date":"2021-10-21T09:51:51.589-04:00"},"s":"I",  "c":"CONTROL",  "id":4784930, "ctx":"SignalHandler","msg":"Shutting down the storage engine"}
{"t":{"$date":"2021-10-21T09:51:51.589-04:00"},"s":"I",  "c":"STORAGE",  "id":22320,   "ctx":"SignalHandler","msg":"Shutting down journal flusher thread"}
{"t":{"$date":"2021-10-21T09:51:51.589-04:00"},"s":"I",  "c":"STORAGE",  "id":22321,   "ctx":"SignalHandler","msg":"Finished shutting down journal flusher thread"}
{"t":{"$date":"2021-10-21T09:51:51.589-04:00"},"s":"I",  "c":"STORAGE",  "id":22322,   "ctx":"SignalHandler","msg":"Shutting down checkpoint thread"}
{"t":{"$date":"2021-10-21T09:51:51.589-04:00"},"s":"I",  "c":"STORAGE",  "id":22323,   "ctx":"SignalHandler","msg":"Finished shutting down checkpoint thread"}
{"t":{"$date":"2021-10-21T09:51:51.589-04:00"},"s":"I",  "c":"STORAGE",  "id":20282,   "ctx":"SignalHandler","msg":"Deregistering all the collections"}
{"t":{"$date":"2021-10-21T09:51:51.589-04:00"},"s":"I",  "c":"STORAGE",  "id":22261,   "ctx":"SignalHandler","msg":"Timestamp monitor shutting down"}
{"t":{"$date":"2021-10-21T09:51:51.589-04:00"},"s":"I",  "c":"STORAGE",  "id":22317,   "ctx":"SignalHandler","msg":"WiredTigerKVEngine shutting down"}
{"t":{"$date":"2021-10-21T09:51:51.589-04:00"},"s":"I",  "c":"STORAGE",  "id":22318,   "ctx":"SignalHandler","msg":"Shutting down session sweeper thread"}
{"t":{"$date":"2021-10-21T09:51:51.589-04:00"},"s":"I",  "c":"STORAGE",  "id":22319,   "ctx":"SignalHandler","msg":"Finished shutting down session sweeper thread"}
{"t":{"$date":"2021-10-21T09:51:51.589-04:00"},"s":"I",  "c":"STORAGE",  "id":4795902, "ctx":"SignalHandler","msg":"Closing WiredTiger","attr":{"closeConfig":"leak_memory=true,"}}
{"t":{"$date":"2021-10-21T09:51:51.590-04:00"},"s":"I",  "c":"STORAGE",  "id":22430,   "ctx":"SignalHandler","msg":"WiredTiger message","attr":{"message":"[1634824311:590120][12205:0x70000560d000], close_ckpt: [WT_VERB_CHECKPOINT_PROGRESS] saving checkpoint snapshot min: 69, snapshot max: 69 snapshot count: 0, oldest timestamp: (0, 0) , meta checkpoint timestamp: (0, 0) base write gen: 1"}}
{"t":{"$date":"2021-10-21T09:51:51.789-04:00"},"s":"I",  "c":"STORAGE",  "id":4795901, "ctx":"SignalHandler","msg":"WiredTiger closed","attr":{"durationMillis":200}}
{"t":{"$date":"2021-10-21T09:51:51.789-04:00"},"s":"I",  "c":"STORAGE",  "id":22279,   "ctx":"SignalHandler","msg":"shutdown: removing fs lock..."}
{"t":{"$date":"2021-10-21T09:51:51.790-04:00"},"s":"I",  "c":"-",        "id":4784931, "ctx":"SignalHandler","msg":"Dropping the scope cache for shutdown"}
{"t":{"$date":"2021-10-21T09:51:51.790-04:00"},"s":"I",  "c":"FTDC",     "id":4784926, "ctx":"SignalHandler","msg":"Shutting down full-time data capture"}
{"t":{"$date":"2021-10-21T09:51:51.790-04:00"},"s":"I",  "c":"FTDC",     "id":20626,   "ctx":"SignalHandler","msg":"Shutting down full-time diagnostic data capture"}
{"t":{"$date":"2021-10-21T09:51:51.794-04:00"},"s":"I",  "c":"CONTROL",  "id":20565,   "ctx":"SignalHandler","msg":"Now exiting"}
{"t":{"$date":"2021-10-21T09:51:51.794-04:00"},"s":"I",  "c":"CONTROL",  "id":23138,   "ctx":"SignalHandler","msg":"Shutting down","attr":{"exitCode":0}}

{"t":{"$date":"2021-10-21T09:56:13.073-04:00"},"s":"I",  "c":"CONTROL",  "id":20698,   "ctx":"-","msg":"***** SERVER RESTARTED *****"}
{"t":{"$date":"2021-10-21T09:56:13.076-04:00"},"s":"I",  "c":"CONTROL",  "id":23285,   "ctx":"-","msg":"Automatically disabling TLS 1.0, to force-enable TLS 1.0 specify --sslDisabledProtocols 'none'"}
{"t":{"$date":"2021-10-21T09:56:13.076-04:00"},"s":"I",  "c":"NETWORK",  "id":4915701, "ctx":"-","msg":"Initialized wire specification","attr":{"spec":{"incomingExternalClient":{"minWireVersion":0,"maxWireVersion":13},"incomingInternalClient":{"minWireVersion":0,"maxWireVersion":13},"outgoing":{"minWireVersion":0,"maxWireVersion":13},"isInternalClient":true}}}
{"t":{"$date":"2021-10-21T09:56:13.078-04:00"},"s":"W",  "c":"ASIO",     "id":22601,   "ctx":"main","msg":"No TransportLayer configured during NetworkInterface startup"}
{"t":{"$date":"2021-10-21T09:56:13.078-04:00"},"s":"I",  "c":"NETWORK",  "id":4648602, "ctx":"main","msg":"Implicit TCP FastOpen in use."}
{"t":{"$date":"2021-10-21T09:56:13.079-04:00"},"s":"W",  "c":"ASIO",     "id":22601,   "ctx":"main","msg":"No TransportLayer configured during NetworkInterface startup"}
{"t":{"$date":"2021-10-21T09:56:13.079-04:00"},"s":"I",  "c":"REPL",     "id":5123008, "ctx":"main","msg":"Successfully registered PrimaryOnlyService","attr":{"service":"TenantMigrationDonorService","ns":"config.tenantMigrationDonors"}}
{"t":{"$date":"2021-10-21T09:56:13.079-04:00"},"s":"I",  "c":"REPL",     "id":5123008, "ctx":"main","msg":"Successfully registered PrimaryOnlyService","attr":{"service":"TenantMigrationRecipientService","ns":"config.tenantMigrationRecipients"}}
{"t":{"$date":"2021-10-21T09:56:13.080-04:00"},"s":"I",  "c":"CONTROL",  "id":4615611, "ctx":"initandlisten","msg":"MongoDB starting","attr":{"pid":13583,"port":27017,"dbPath":"/usr/local/var/mongodb","architecture":"64-bit","host":"RBXDev05.local"}}
{"t":{"$date":"2021-10-21T09:56:13.080-04:00"},"s":"I",  "c":"CONTROL",  "id":23403,   "ctx":"initandlisten","msg":"Build Info","attr":{"buildInfo":{"version":"5.0.3","gitVersion":"657fea5a61a74d7a79df7aff8e4bcf0bc742b748","modules":[],"allocator":"system","environment":{"distarch":"x86_64","target_arch":"x86_64"}}}}
{"t":{"$date":"2021-10-21T09:56:13.080-04:00"},"s":"I",  "c":"CONTROL",  "id":51765,   "ctx":"initandlisten","msg":"Operating System","attr":{"os":{"name":"Mac OS X","version":"20.6.0"}}}
{"t":{"$date":"2021-10-21T09:56:13.080-04:00"},"s":"I",  "c":"CONTROL",  "id":21951,   "ctx":"initandlisten","msg":"Options set by command line","attr":{"options":{"config":"/usr/local/etc/mongod.conf","net":{"bindIp":"127.0.0.1"},"storage":{"dbPath":"/usr/local/var/mongodb"},"systemLog":{"destination":"file","logAppend":true,"path":"/usr/local/var/log/mongodb/mongo.log"}}}}
{"t":{"$date":"2021-10-21T09:56:13.081-04:00"},"s":"I",  "c":"STORAGE",  "id":22270,   "ctx":"initandlisten","msg":"Storage engine to use detected by data files","attr":{"dbpath":"/usr/local/var/mongodb","storageEngine":"wiredTiger"}}
{"t":{"$date":"2021-10-21T09:56:13.081-04:00"},"s":"I",  "c":"STORAGE",  "id":22315,   "ctx":"initandlisten","msg":"Opening WiredTiger","attr":{"config":"create,cache_size=32256M,session_max=33000,eviction=(threads_min=4,threads_max=4),config_base=false,statistics=(fast),log=(enabled=true,archive=true,path=journal,compressor=snappy),builtin_extension_config=(zstd=(compression_level=6)),file_manager=(close_idle_time=600,close_scan_interval=10,close_handle_minimum=250),statistics_log=(wait=0),verbose=[recovery_progress,checkpoint_progress,compact_progress],"}}
{"t":{"$date":"2021-10-21T09:56:13.563-04:00"},"s":"I",  "c":"STORAGE",  "id":22430,   "ctx":"initandlisten","msg":"WiredTiger message","attr":{"message":"[1634824573:563455][13583:0x10fd20e00], txn-recover: [WT_VERB_RECOVERY_PROGRESS] Recovering log 1 through 2"}}
{"t":{"$date":"2021-10-21T09:56:13.610-04:00"},"s":"I",  "c":"STORAGE",  "id":22430,   "ctx":"initandlisten","msg":"WiredTiger message","attr":{"message":"[1634824573:610389][13583:0x10fd20e00], txn-recover: [WT_VERB_RECOVERY_PROGRESS] Recovering log 2 through 2"}}
{"t":{"$date":"2021-10-21T09:56:13.649-04:00"},"s":"I",  "c":"STORAGE",  "id":22430,   "ctx":"initandlisten","msg":"WiredTiger message","attr":{"message":"[1634824573:649652][13583:0x10fd20e00], txn-recover: [WT_VERB_RECOVERY | WT_VERB_RECOVERY_PROGRESS] Main recovery loop: starting at 1/45952 to 2/256"}}
{"t":{"$date":"2021-10-21T09:56:13.711-04:00"},"s":"I",  "c":"STORAGE",  "id":22430,   "ctx":"initandlisten","msg":"WiredTiger message","attr":{"message":"[1634824573:711147][13583:0x10fd20e00], txn-recover: [WT_VERB_RECOVERY_PROGRESS] Recovering log 1 through 2"}}
{"t":{"$date":"2021-10-21T09:56:13.766-04:00"},"s":"I",  "c":"STORAGE",  "id":22430,   "ctx":"initandlisten","msg":"WiredTiger message","attr":{"message":"[1634824573:766591][13583:0x10fd20e00], txn-recover: [WT_VERB_RECOVERY_PROGRESS] Recovering log 2 through 2"}}
{"t":{"$date":"2021-10-21T09:56:13.802-04:00"},"s":"I",  "c":"STORAGE",  "id":22430,   "ctx":"initandlisten","msg":"WiredTiger message","attr":{"message":"[1634824573:802459][13583:0x10fd20e00], txn-recover: [WT_VERB_RECOVERY | WT_VERB_RECOVERY_PROGRESS] Set global recovery timestamp: (0, 0)"}}
{"t":{"$date":"2021-10-21T09:56:13.802-04:00"},"s":"I",  "c":"STORAGE",  "id":22430,   "ctx":"initandlisten","msg":"WiredTiger message","attr":{"message":"[1634824573:802510][13583:0x10fd20e00], txn-recover: [WT_VERB_RECOVERY | WT_VERB_RECOVERY_PROGRESS] Set global oldest timestamp: (0, 0)"}}
{"t":{"$date":"2021-10-21T09:56:13.823-04:00"},"s":"I",  "c":"STORAGE",  "id":22430,   "ctx":"initandlisten","msg":"WiredTiger message","attr":{"message":"[1634824573:823696][13583:0x10fd20e00], WT_SESSION.checkpoint: [WT_VERB_CHECKPOINT_PROGRESS] saving checkpoint snapshot min: 1, snapshot max: 1 snapshot count: 0, oldest timestamp: (0, 0) , meta checkpoint timestamp: (0, 0) base write gen: 58"}}
{"t":{"$date":"2021-10-21T09:56:13.955-04:00"},"s":"I",  "c":"STORAGE",  "id":4795906, "ctx":"initandlisten","msg":"WiredTiger opened","attr":{"durationMillis":874}}
{"t":{"$date":"2021-10-21T09:56:13.955-04:00"},"s":"I",  "c":"RECOVERY", "id":23987,   "ctx":"initandlisten","msg":"WiredTiger recoveryTimestamp","attr":{"recoveryTimestamp":{"$timestamp":{"t":0,"i":0}}}}
{"t":{"$date":"2021-10-21T09:56:13.977-04:00"},"s":"I",  "c":"STORAGE",  "id":4366408, "ctx":"initandlisten","msg":"No table logging settings modifications are required for existing WiredTiger tables","attr":{"loggingEnabled":true}}
{"t":{"$date":"2021-10-21T09:56:13.998-04:00"},"s":"I",  "c":"STORAGE",  "id":22262,   "ctx":"initandlisten","msg":"Timestamp monitor starting"}
{"t":{"$date":"2021-10-21T09:56:14.019-04:00"},"s":"W",  "c":"CONTROL",  "id":22120,   "ctx":"initandlisten","msg":"Access control is not enabled for the database. Read and write access to data and configuration is unrestricted","tags":["startupWarnings"]}
{"t":{"$date":"2021-10-21T09:56:14.039-04:00"},"s":"W",  "c":"CONTROL",  "id":22138,   "ctx":"initandlisten","msg":"You are running this process as the root user, which is not recommended","tags":["startupWarnings"]}
{"t":{"$date":"2021-10-21T09:56:14.043-04:00"},"s":"I",  "c":"NETWORK",  "id":4915702, "ctx":"initandlisten","msg":"Updated wire specification","attr":{"oldSpec":{"incomingExternalClient":{"minWireVersion":0,"maxWireVersion":13},"incomingInternalClient":{"minWireVersion":0,"maxWireVersion":13},"outgoing":{"minWireVersion":0,"maxWireVersion":13},"isInternalClient":true},"newSpec":{"incomingExternalClient":{"minWireVersion":0,"maxWireVersion":13},"incomingInternalClient":{"minWireVersion":13,"maxWireVersion":13},"outgoing":{"minWireVersion":13,"maxWireVersion":13},"isInternalClient":true}}}
{"t":{"$date":"2021-10-21T09:56:14.043-04:00"},"s":"I",  "c":"STORAGE",  "id":5071100, "ctx":"initandlisten","msg":"Clearing temp directory"}
{"t":{"$date":"2021-10-21T09:56:14.043-04:00"},"s":"I",  "c":"CONTROL",  "id":20536,   "ctx":"initandlisten","msg":"Flow Control is enabled on this deployment"}
{"t":{"$date":"2021-10-21T09:56:14.044-04:00"},"s":"I",  "c":"FTDC",     "id":20625,   "ctx":"initandlisten","msg":"Initializing full-time diagnostic data capture","attr":{"dataDirectory":"/usr/local/var/mongodb/diagnostic.data"}}
{"t":{"$date":"2021-10-21T09:56:14.047-04:00"},"s":"I",  "c":"NETWORK",  "id":23015,   "ctx":"listener","msg":"Listening on","attr":{"address":"/tmp/mongodb-27017.sock"}}
{"t":{"$date":"2021-10-21T09:56:14.047-04:00"},"s":"I",  "c":"NETWORK",  "id":23015,   "ctx":"listener","msg":"Listening on","attr":{"address":"127.0.0.1"}}
{"t":{"$date":"2021-10-21T09:56:14.047-04:00"},"s":"I",  "c":"NETWORK",  "id":23016,   "ctx":"listener","msg":"Waiting for connections","attr":{"port":27017,"ssl":"off"}}
{"t":{"$date":"2021-10-21T09:57:00.452-04:00"},"s":"I",  "c":"CONTROL",  "id":23377,   "ctx":"SignalHandler","msg":"Received signal","attr":{"signal":15,"error":"Terminated: 15"}}
{"t":{"$date":"2021-10-21T09:57:00.452-04:00"},"s":"I",  "c":"CONTROL",  "id":23381,   "ctx":"SignalHandler","msg":"will terminate after current cmd ends"}
{"t":{"$date":"2021-10-21T09:57:00.452-04:00"},"s":"I",  "c":"REPL",     "id":4784900, "ctx":"SignalHandler","msg":"Stepping down the ReplicationCoordinator for shutdown","attr":{"waitTimeMillis":15000}}
{"t":{"$date":"2021-10-21T09:57:00.452-04:00"},"s":"I",  "c":"REPL",     "id":4794602, "ctx":"SignalHandler","msg":"Attempting to enter quiesce mode"}
{"t":{"$date":"2021-10-21T09:57:00.452-04:00"},"s":"I",  "c":"COMMAND",  "id":4784901, "ctx":"SignalHandler","msg":"Shutting down the MirrorMaestro"}
{"t":{"$date":"2021-10-21T09:57:00.452-04:00"},"s":"I",  "c":"SHARDING", "id":4784902, "ctx":"SignalHandler","msg":"Shutting down the WaitForMajorityService"}
{"t":{"$date":"2021-10-21T09:57:00.452-04:00"},"s":"I",  "c":"CONTROL",  "id":4784903, "ctx":"SignalHandler","msg":"Shutting down the LogicalSessionCache"}
{"t":{"$date":"2021-10-21T09:57:00.452-04:00"},"s":"I",  "c":"NETWORK",  "id":20562,   "ctx":"SignalHandler","msg":"Shutdown: going to close listening sockets"}
{"t":{"$date":"2021-10-21T09:57:00.452-04:00"},"s":"I",  "c":"NETWORK",  "id":23017,   "ctx":"listener","msg":"removing socket file","attr":{"path":"/tmp/mongodb-27017.sock"}}
{"t":{"$date":"2021-10-21T09:57:00.453-04:00"},"s":"I",  "c":"NETWORK",  "id":4784905, "ctx":"SignalHandler","msg":"Shutting down the global connection pool"}
{"t":{"$date":"2021-10-21T09:57:00.453-04:00"},"s":"I",  "c":"CONTROL",  "id":4784906, "ctx":"SignalHandler","msg":"Shutting down the FlowControlTicketholder"}
{"t":{"$date":"2021-10-21T09:57:00.453-04:00"},"s":"I",  "c":"-",        "id":20520,   "ctx":"SignalHandler","msg":"Stopping further Flow Control ticket acquisitions."}
{"t":{"$date":"2021-10-21T09:57:00.453-04:00"},"s":"I",  "c":"CONTROL",  "id":4784908, "ctx":"SignalHandler","msg":"Shutting down the PeriodicThreadToAbortExpiredTransactions"}
{"t":{"$date":"2021-10-21T09:57:00.453-04:00"},"s":"I",  "c":"REPL",     "id":4784909, "ctx":"SignalHandler","msg":"Shutting down the ReplicationCoordinator"}
{"t":{"$date":"2021-10-21T09:57:00.453-04:00"},"s":"I",  "c":"SHARDING", "id":4784910, "ctx":"SignalHandler","msg":"Shutting down the ShardingInitializationMongoD"}
{"t":{"$date":"2021-10-21T09:57:00.453-04:00"},"s":"I",  "c":"REPL",     "id":4784911, "ctx":"SignalHandler","msg":"Enqueuing the ReplicationStateTransitionLock for shutdown"}
{"t":{"$date":"2021-10-21T09:57:00.453-04:00"},"s":"I",  "c":"-",        "id":4784912, "ctx":"SignalHandler","msg":"Killing all operations for shutdown"}
{"t":{"$date":"2021-10-21T09:57:00.453-04:00"},"s":"I",  "c":"-",        "id":4695300, "ctx":"SignalHandler","msg":"Interrupted all currently running operations","attr":{"opsKilled":3}}
{"t":{"$date":"2021-10-21T09:57:00.453-04:00"},"s":"I",  "c":"TENANT_M", "id":5093807, "ctx":"SignalHandler","msg":"Shutting down all TenantMigrationAccessBlockers on global shutdown"}
{"t":{"$date":"2021-10-21T09:57:00.453-04:00"},"s":"I",  "c":"COMMAND",  "id":4784913, "ctx":"SignalHandler","msg":"Shutting down all open transactions"}
{"t":{"$date":"2021-10-21T09:57:00.453-04:00"},"s":"I",  "c":"REPL",     "id":4784914, "ctx":"SignalHandler","msg":"Acquiring the ReplicationStateTransitionLock for shutdown"}
{"t":{"$date":"2021-10-21T09:57:00.453-04:00"},"s":"I",  "c":"INDEX",    "id":4784915, "ctx":"SignalHandler","msg":"Shutting down the IndexBuildsCoordinator"}
{"t":{"$date":"2021-10-21T09:57:00.453-04:00"},"s":"I",  "c":"REPL",     "id":4784916, "ctx":"SignalHandler","msg":"Reacquiring the ReplicationStateTransitionLock for shutdown"}
{"t":{"$date":"2021-10-21T09:57:00.453-04:00"},"s":"I",  "c":"REPL",     "id":4784917, "ctx":"SignalHandler","msg":"Attempting to mark clean shutdown"}
{"t":{"$date":"2021-10-21T09:57:00.453-04:00"},"s":"I",  "c":"NETWORK",  "id":4784918, "ctx":"SignalHandler","msg":"Shutting down the ReplicaSetMonitor"}
{"t":{"$date":"2021-10-21T09:57:00.453-04:00"},"s":"I",  "c":"SHARDING", "id":4784921, "ctx":"SignalHandler","msg":"Shutting down the MigrationUtilExecutor"}
{"t":{"$date":"2021-10-21T09:57:00.453-04:00"},"s":"I",  "c":"ASIO",     "id":22582,   "ctx":"MigrationUtil-TaskExecutor","msg":"Killing all outstanding egress activity."}
{"t":{"$date":"2021-10-21T09:57:00.453-04:00"},"s":"I",  "c":"COMMAND",  "id":4784923, "ctx":"SignalHandler","msg":"Shutting down the ServiceEntryPoint"}
{"t":{"$date":"2021-10-21T09:57:00.453-04:00"},"s":"I",  "c":"CONTROL",  "id":4784925, "ctx":"SignalHandler","msg":"Shutting down free monitoring"}
{"t":{"$date":"2021-10-21T09:57:00.453-04:00"},"s":"I",  "c":"CONTROL",  "id":20609,   "ctx":"SignalHandler","msg":"Shutting down free monitoring"}
{"t":{"$date":"2021-10-21T09:57:00.453-04:00"},"s":"I",  "c":"CONTROL",  "id":4784927, "ctx":"SignalHandler","msg":"Shutting down the HealthLog"}
{"t":{"$date":"2021-10-21T09:57:00.453-04:00"},"s":"I",  "c":"CONTROL",  "id":4784928, "ctx":"SignalHandler","msg":"Shutting down the TTL monitor"}
{"t":{"$date":"2021-10-21T09:57:00.453-04:00"},"s":"I",  "c":"INDEX",    "id":3684100, "ctx":"SignalHandler","msg":"Shutting down TTL collection monitor thread"}
{"t":{"$date":"2021-10-21T09:57:00.453-04:00"},"s":"I",  "c":"INDEX",    "id":3684101, "ctx":"SignalHandler","msg":"Finished shutting down TTL collection monitor thread"}
{"t":{"$date":"2021-10-21T09:57:00.453-04:00"},"s":"I",  "c":"CONTROL",  "id":4784929, "ctx":"SignalHandler","msg":"Acquiring the global lock for shutdown"}
{"t":{"$date":"2021-10-21T09:57:00.453-04:00"},"s":"I",  "c":"CONTROL",  "id":4784930, "ctx":"SignalHandler","msg":"Shutting down the storage engine"}
{"t":{"$date":"2021-10-21T09:57:00.453-04:00"},"s":"I",  "c":"STORAGE",  "id":22320,   "ctx":"SignalHandler","msg":"Shutting down journal flusher thread"}
{"t":{"$date":"2021-10-21T09:57:00.453-04:00"},"s":"I",  "c":"STORAGE",  "id":22321,   "ctx":"SignalHandler","msg":"Finished shutting down journal flusher thread"}
{"t":{"$date":"2021-10-21T09:57:00.453-04:00"},"s":"I",  "c":"STORAGE",  "id":22322,   "ctx":"SignalHandler","msg":"Shutting down checkpoint thread"}
{"t":{"$date":"2021-10-21T09:57:00.453-04:00"},"s":"I",  "c":"STORAGE",  "id":22323,   "ctx":"SignalHandler","msg":"Finished shutting down checkpoint thread"}
{"t":{"$date":"2021-10-21T09:57:00.453-04:00"},"s":"I",  "c":"STORAGE",  "id":20282,   "ctx":"SignalHandler","msg":"Deregistering all the collections"}
{"t":{"$date":"2021-10-21T09:57:00.453-04:00"},"s":"I",  "c":"STORAGE",  "id":22261,   "ctx":"SignalHandler","msg":"Timestamp monitor shutting down"}
{"t":{"$date":"2021-10-21T09:57:00.454-04:00"},"s":"I",  "c":"STORAGE",  "id":22317,   "ctx":"SignalHandler","msg":"WiredTigerKVEngine shutting down"}
{"t":{"$date":"2021-10-21T09:57:00.474-04:00"},"s":"I",  "c":"STORAGE",  "id":22318,   "ctx":"SignalHandler","msg":"Shutting down session sweeper thread"}
{"t":{"$date":"2021-10-21T09:57:00.474-04:00"},"s":"I",  "c":"STORAGE",  "id":22319,   "ctx":"SignalHandler","msg":"Finished shutting down session sweeper thread"}
{"t":{"$date":"2021-10-21T09:57:00.474-04:00"},"s":"I",  "c":"STORAGE",  "id":4795902, "ctx":"SignalHandler","msg":"Closing WiredTiger","attr":{"closeConfig":"leak_memory=true,"}}
{"t":{"$date":"2021-10-21T09:57:00.477-04:00"},"s":"I",  "c":"STORAGE",  "id":22430,   "ctx":"SignalHandler","msg":"WiredTiger message","attr":{"message":"[1634824620:477186][13583:0x7000012f8000], close_ckpt: [WT_VERB_CHECKPOINT_PROGRESS] saving checkpoint snapshot min: 4, snapshot max: 4 snapshot count: 0, oldest timestamp: (0, 0) , meta checkpoint timestamp: (0, 0) base write gen: 58"}}
{"t":{"$date":"2021-10-21T09:57:00.715-04:00"},"s":"I",  "c":"STORAGE",  "id":4795901, "ctx":"SignalHandler","msg":"WiredTiger closed","attr":{"durationMillis":241}}
{"t":{"$date":"2021-10-21T09:57:00.715-04:00"},"s":"I",  "c":"STORAGE",  "id":22279,   "ctx":"SignalHandler","msg":"shutdown: removing fs lock..."}
{"t":{"$date":"2021-10-21T09:57:00.715-04:00"},"s":"I",  "c":"-",        "id":4784931, "ctx":"SignalHandler","msg":"Dropping the scope cache for shutdown"}
{"t":{"$date":"2021-10-21T09:57:00.715-04:00"},"s":"I",  "c":"FTDC",     "id":4784926, "ctx":"SignalHandler","msg":"Shutting down full-time data capture"}
{"t":{"$date":"2021-10-21T09:57:00.716-04:00"},"s":"I",  "c":"FTDC",     "id":20626,   "ctx":"SignalHandler","msg":"Shutting down full-time diagnostic data capture"}
{"t":{"$date":"2021-10-21T09:57:00.719-04:00"},"s":"I",  "c":"CONTROL",  "id":20565,   "ctx":"SignalHandler","msg":"Now exiting"}
{"t":{"$date":"2021-10-21T09:57:00.719-04:00"},"s":"I",  "c":"CONTROL",  "id":23138,   "ctx":"SignalHandler","msg":"Shutting down","attr":{"exitCode":0}}

{"t":{"$date":"2021-10-21T10:12:54.636-04:00"},"s":"I",  "c":"CONTROL",  "id":20698,   "ctx":"-","msg":"***** SERVER RESTARTED *****"}
{"t":{"$date":"2021-10-21T10:12:54.637-04:00"},"s":"I",  "c":"NETWORK",  "id":4915701, "ctx":"-","msg":"Initialized wire specification","attr":{"spec":{"incomingExternalClient":{"minWireVersion":0,"maxWireVersion":13},"incomingInternalClient":{"minWireVersion":0,"maxWireVersion":13},"outgoing":{"minWireVersion":0,"maxWireVersion":13},"isInternalClient":true}}}
{"t":{"$date":"2021-10-21T10:12:54.642-04:00"},"s":"I",  "c":"CONTROL",  "id":23285,   "ctx":"main","msg":"Automatically disabling TLS 1.0, to force-enable TLS 1.0 specify --sslDisabledProtocols 'none'"}
{"t":{"$date":"2021-10-21T10:12:54.644-04:00"},"s":"W",  "c":"ASIO",     "id":22601,   "ctx":"main","msg":"No TransportLayer configured during NetworkInterface startup"}
{"t":{"$date":"2021-10-21T10:12:54.644-04:00"},"s":"I",  "c":"NETWORK",  "id":4648602, "ctx":"main","msg":"Implicit TCP FastOpen in use."}
{"t":{"$date":"2021-10-21T10:12:54.646-04:00"},"s":"W",  "c":"ASIO",     "id":22601,   "ctx":"main","msg":"No TransportLayer configured during NetworkInterface startup"}
{"t":{"$date":"2021-10-21T10:12:54.647-04:00"},"s":"I",  "c":"REPL",     "id":5123008, "ctx":"main","msg":"Successfully registered PrimaryOnlyService","attr":{"service":"TenantMigrationDonorService","ns":"config.tenantMigrationDonors"}}
{"t":{"$date":"2021-10-21T10:12:54.647-04:00"},"s":"I",  "c":"REPL",     "id":5123008, "ctx":"main","msg":"Successfully registered PrimaryOnlyService","attr":{"service":"TenantMigrationRecipientService","ns":"config.tenantMigrationRecipients"}}
{"t":{"$date":"2021-10-21T10:12:54.647-04:00"},"s":"I",  "c":"CONTROL",  "id":4615611, "ctx":"initandlisten","msg":"MongoDB starting","attr":{"pid":16254,"port":27017,"dbPath":"/usr/local/var/mongodb","architecture":"64-bit","host":"RBXDev05.local"}}
{"t":{"$date":"2021-10-21T10:12:54.647-04:00"},"s":"I",  "c":"CONTROL",  "id":23403,   "ctx":"initandlisten","msg":"Build Info","attr":{"buildInfo":{"version":"5.0.3","gitVersion":"657fea5a61a74d7a79df7aff8e4bcf0bc742b748","modules":[],"allocator":"system","environment":{"distarch":"x86_64","target_arch":"x86_64"}}}}
{"t":{"$date":"2021-10-21T10:12:54.647-04:00"},"s":"I",  "c":"CONTROL",  "id":51765,   "ctx":"initandlisten","msg":"Operating System","attr":{"os":{"name":"Mac OS X","version":"20.6.0"}}}
{"t":{"$date":"2021-10-21T10:12:54.647-04:00"},"s":"I",  "c":"CONTROL",  "id":21951,   "ctx":"initandlisten","msg":"Options set by command line","attr":{"options":{"config":"/usr/local/etc/mongod.conf","net":{"bindIp":"127.0.0.1"},"storage":{"dbPath":"/usr/local/var/mongodb"},"systemLog":{"destination":"file","logAppend":true,"path":"/usr/local/var/log/mongodb/mongo.log"}}}}
{"t":{"$date":"2021-10-21T10:12:54.650-04:00"},"s":"I",  "c":"STORAGE",  "id":22270,   "ctx":"initandlisten","msg":"Storage engine to use detected by data files","attr":{"dbpath":"/usr/local/var/mongodb","storageEngine":"wiredTiger"}}
{"t":{"$date":"2021-10-21T10:12:54.651-04:00"},"s":"I",  "c":"STORAGE",  "id":22315,   "ctx":"initandlisten","msg":"Opening WiredTiger","attr":{"config":"create,cache_size=32256M,session_max=33000,eviction=(threads_min=4,threads_max=4),config_base=false,statistics=(fast),log=(enabled=true,archive=true,path=journal,compressor=snappy),builtin_extension_config=(zstd=(compression_level=6)),file_manager=(close_idle_time=600,close_scan_interval=10,close_handle_minimum=250),statistics_log=(wait=0),verbose=[recovery_progress,checkpoint_progress,compact_progress],"}}
{"t":{"$date":"2021-10-21T10:12:55.498-04:00"},"s":"I",  "c":"STORAGE",  "id":22430,   "ctx":"initandlisten","msg":"WiredTiger message","attr":{"message":"[1634825575:498639][16254:0x11b293e00], txn-recover: [WT_VERB_RECOVERY_PROGRESS] Recovering log 2 through 3"}}
{"t":{"$date":"2021-10-21T10:12:55.571-04:00"},"s":"I",  "c":"STORAGE",  "id":22430,   "ctx":"initandlisten","msg":"WiredTiger message","attr":{"message":"[1634825575:571439][16254:0x11b293e00], txn-recover: [WT_VERB_RECOVERY_PROGRESS] Recovering log 3 through 3"}}
{"t":{"$date":"2021-10-21T10:12:55.641-04:00"},"s":"I",  "c":"STORAGE",  "id":22430,   "ctx":"initandlisten","msg":"WiredTiger message","attr":{"message":"[1634825575:641046][16254:0x11b293e00], txn-recover: [WT_VERB_RECOVERY | WT_VERB_RECOVERY_PROGRESS] Main recovery loop: starting at 2/4992 to 3/256"}}
{"t":{"$date":"2021-10-21T10:12:55.744-04:00"},"s":"I",  "c":"STORAGE",  "id":22430,   "ctx":"initandlisten","msg":"WiredTiger message","attr":{"message":"[1634825575:744453][16254:0x11b293e00], txn-recover: [WT_VERB_RECOVERY_PROGRESS] Recovering log 2 through 3"}}
{"t":{"$date":"2021-10-21T10:12:55.822-04:00"},"s":"I",  "c":"STORAGE",  "id":22430,   "ctx":"initandlisten","msg":"WiredTiger message","attr":{"message":"[1634825575:822939][16254:0x11b293e00], txn-recover: [WT_VERB_RECOVERY_PROGRESS] Recovering log 3 through 3"}}
{"t":{"$date":"2021-10-21T10:12:55.877-04:00"},"s":"I",  "c":"STORAGE",  "id":22430,   "ctx":"initandlisten","msg":"WiredTiger message","attr":{"message":"[1634825575:877462][16254:0x11b293e00], txn-recover: [WT_VERB_RECOVERY | WT_VERB_RECOVERY_PROGRESS] Set global recovery timestamp: (0, 0)"}}
{"t":{"$date":"2021-10-21T10:12:55.877-04:00"},"s":"I",  "c":"STORAGE",  "id":22430,   "ctx":"initandlisten","msg":"WiredTiger message","attr":{"message":"[1634825575:877572][16254:0x11b293e00], txn-recover: [WT_VERB_RECOVERY | WT_VERB_RECOVERY_PROGRESS] Set global oldest timestamp: (0, 0)"}}
{"t":{"$date":"2021-10-21T10:12:55.900-04:00"},"s":"I",  "c":"STORAGE",  "id":22430,   "ctx":"initandlisten","msg":"WiredTiger message","attr":{"message":"[1634825575:900426][16254:0x11b293e00], WT_SESSION.checkpoint: [WT_VERB_CHECKPOINT_PROGRESS] saving checkpoint snapshot min: 1, snapshot max: 1 snapshot count: 0, oldest timestamp: (0, 0) , meta checkpoint timestamp: (0, 0) base write gen: 66"}}
{"t":{"$date":"2021-10-21T10:12:56.031-04:00"},"s":"I",  "c":"STORAGE",  "id":4795906, "ctx":"initandlisten","msg":"WiredTiger opened","attr":{"durationMillis":1380}}
{"t":{"$date":"2021-10-21T10:12:56.031-04:00"},"s":"I",  "c":"RECOVERY", "id":23987,   "ctx":"initandlisten","msg":"WiredTiger recoveryTimestamp","attr":{"recoveryTimestamp":{"$timestamp":{"t":0,"i":0}}}}
{"t":{"$date":"2021-10-21T10:12:56.054-04:00"},"s":"I",  "c":"STORAGE",  "id":4366408, "ctx":"initandlisten","msg":"No table logging settings modifications are required for existing WiredTiger tables","attr":{"loggingEnabled":true}}
{"t":{"$date":"2021-10-21T10:12:56.097-04:00"},"s":"I",  "c":"STORAGE",  "id":22262,   "ctx":"initandlisten","msg":"Timestamp monitor starting"}
{"t":{"$date":"2021-10-21T10:12:56.118-04:00"},"s":"W",  "c":"CONTROL",  "id":22120,   "ctx":"initandlisten","msg":"Access control is not enabled for the database. Read and write access to data and configuration is unrestricted","tags":["startupWarnings"]}
{"t":{"$date":"2021-10-21T10:12:56.118-04:00"},"s":"W",  "c":"CONTROL",  "id":22138,   "ctx":"initandlisten","msg":"You are running this process as the root user, which is not recommended","tags":["startupWarnings"]}
{"t":{"$date":"2021-10-21T10:12:56.121-04:00"},"s":"I",  "c":"NETWORK",  "id":4915702, "ctx":"initandlisten","msg":"Updated wire specification","attr":{"oldSpec":{"incomingExternalClient":{"minWireVersion":0,"maxWireVersion":13},"incomingInternalClient":{"minWireVersion":0,"maxWireVersion":13},"outgoing":{"minWireVersion":0,"maxWireVersion":13},"isInternalClient":true},"newSpec":{"incomingExternalClient":{"minWireVersion":0,"maxWireVersion":13},"incomingInternalClient":{"minWireVersion":13,"maxWireVersion":13},"outgoing":{"minWireVersion":13,"maxWireVersion":13},"isInternalClient":true}}}
{"t":{"$date":"2021-10-21T10:12:56.121-04:00"},"s":"I",  "c":"STORAGE",  "id":5071100, "ctx":"initandlisten","msg":"Clearing temp directory"}
{"t":{"$date":"2021-10-21T10:12:56.121-04:00"},"s":"I",  "c":"CONTROL",  "id":20536,   "ctx":"initandlisten","msg":"Flow Control is enabled on this deployment"}
{"t":{"$date":"2021-10-21T10:12:56.122-04:00"},"s":"I",  "c":"FTDC",     "id":20625,   "ctx":"initandlisten","msg":"Initializing full-time diagnostic data capture","attr":{"dataDirectory":"/usr/local/var/mongodb/diagnostic.data"}}
{"t":{"$date":"2021-10-21T10:12:56.127-04:00"},"s":"I",  "c":"NETWORK",  "id":23015,   "ctx":"listener","msg":"Listening on","attr":{"address":"/tmp/mongodb-27017.sock"}}
{"t":{"$date":"2021-10-21T10:12:56.127-04:00"},"s":"I",  "c":"NETWORK",  "id":23015,   "ctx":"listener","msg":"Listening on","attr":{"address":"127.0.0.1"}}
{"t":{"$date":"2021-10-21T10:12:56.127-04:00"},"s":"I",  "c":"NETWORK",  "id":23016,   "ctx":"listener","msg":"Waiting for connections","attr":{"port":27017,"ssl":"off"}}
{"t":{"$date":"2021-10-21T10:13:31.463-04:00"},"s":"I",  "c":"CONTROL",  "id":23377,   "ctx":"SignalHandler","msg":"Received signal","attr":{"signal":15,"error":"Terminated: 15"}}
{"t":{"$date":"2021-10-21T10:13:31.463-04:00"},"s":"I",  "c":"CONTROL",  "id":23381,   "ctx":"SignalHandler","msg":"will terminate after current cmd ends"}
{"t":{"$date":"2021-10-21T10:13:31.463-04:00"},"s":"I",  "c":"REPL",     "id":4784900, "ctx":"SignalHandler","msg":"Stepping down the ReplicationCoordinator for shutdown","attr":{"waitTimeMillis":15000}}
{"t":{"$date":"2021-10-21T10:13:31.463-04:00"},"s":"I",  "c":"REPL",     "id":4794602, "ctx":"SignalHandler","msg":"Attempting to enter quiesce mode"}
{"t":{"$date":"2021-10-21T10:13:31.463-04:00"},"s":"I",  "c":"COMMAND",  "id":4784901, "ctx":"SignalHandler","msg":"Shutting down the MirrorMaestro"}
{"t":{"$date":"2021-10-21T10:13:31.463-04:00"},"s":"I",  "c":"SHARDING", "id":4784902, "ctx":"SignalHandler","msg":"Shutting down the WaitForMajorityService"}
{"t":{"$date":"2021-10-21T10:13:31.463-04:00"},"s":"I",  "c":"CONTROL",  "id":4784903, "ctx":"SignalHandler","msg":"Shutting down the LogicalSessionCache"}
{"t":{"$date":"2021-10-21T10:13:31.463-04:00"},"s":"I",  "c":"NETWORK",  "id":20562,   "ctx":"SignalHandler","msg":"Shutdown: going to close listening sockets"}
{"t":{"$date":"2021-10-21T10:13:31.464-04:00"},"s":"I",  "c":"NETWORK",  "id":23017,   "ctx":"listener","msg":"removing socket file","attr":{"path":"/tmp/mongodb-27017.sock"}}
{"t":{"$date":"2021-10-21T10:13:31.464-04:00"},"s":"I",  "c":"NETWORK",  "id":4784905, "ctx":"SignalHandler","msg":"Shutting down the global connection pool"}
{"t":{"$date":"2021-10-21T10:13:31.464-04:00"},"s":"I",  "c":"CONTROL",  "id":4784906, "ctx":"SignalHandler","msg":"Shutting down the FlowControlTicketholder"}
{"t":{"$date":"2021-10-21T10:13:31.464-04:00"},"s":"I",  "c":"-",        "id":20520,   "ctx":"SignalHandler","msg":"Stopping further Flow Control ticket acquisitions."}
{"t":{"$date":"2021-10-21T10:13:31.464-04:00"},"s":"I",  "c":"CONTROL",  "id":4784908, "ctx":"SignalHandler","msg":"Shutting down the PeriodicThreadToAbortExpiredTransactions"}
{"t":{"$date":"2021-10-21T10:13:31.464-04:00"},"s":"I",  "c":"REPL",     "id":4784909, "ctx":"SignalHandler","msg":"Shutting down the ReplicationCoordinator"}
{"t":{"$date":"2021-10-21T10:13:31.464-04:00"},"s":"I",  "c":"SHARDING", "id":4784910, "ctx":"SignalHandler","msg":"Shutting down the ShardingInitializationMongoD"}
{"t":{"$date":"2021-10-21T10:13:31.464-04:00"},"s":"I",  "c":"REPL",     "id":4784911, "ctx":"SignalHandler","msg":"Enqueuing the ReplicationStateTransitionLock for shutdown"}
{"t":{"$date":"2021-10-21T10:13:31.464-04:00"},"s":"I",  "c":"-",        "id":4784912, "ctx":"SignalHandler","msg":"Killing all operations for shutdown"}
{"t":{"$date":"2021-10-21T10:13:31.464-04:00"},"s":"I",  "c":"-",        "id":4695300, "ctx":"SignalHandler","msg":"Interrupted all currently running operations","attr":{"opsKilled":3}}
{"t":{"$date":"2021-10-21T10:13:31.464-04:00"},"s":"I",  "c":"TENANT_M", "id":5093807, "ctx":"SignalHandler","msg":"Shutting down all TenantMigrationAccessBlockers on global shutdown"}
{"t":{"$date":"2021-10-21T10:13:31.464-04:00"},"s":"I",  "c":"COMMAND",  "id":4784913, "ctx":"SignalHandler","msg":"Shutting down all open transactions"}
{"t":{"$date":"2021-10-21T10:13:31.464-04:00"},"s":"I",  "c":"REPL",     "id":4784914, "ctx":"SignalHandler","msg":"Acquiring the ReplicationStateTransitionLock for shutdown"}
{"t":{"$date":"2021-10-21T10:13:31.464-04:00"},"s":"I",  "c":"INDEX",    "id":4784915, "ctx":"SignalHandler","msg":"Shutting down the IndexBuildsCoordinator"}
{"t":{"$date":"2021-10-21T10:13:31.464-04:00"},"s":"I",  "c":"REPL",     "id":4784916, "ctx":"SignalHandler","msg":"Reacquiring the ReplicationStateTransitionLock for shutdown"}
{"t":{"$date":"2021-10-21T10:13:31.464-04:00"},"s":"I",  "c":"REPL",     "id":4784917, "ctx":"SignalHandler","msg":"Attempting to mark clean shutdown"}
{"t":{"$date":"2021-10-21T10:13:31.464-04:00"},"s":"I",  "c":"NETWORK",  "id":4784918, "ctx":"SignalHandler","msg":"Shutting down the ReplicaSetMonitor"}
{"t":{"$date":"2021-10-21T10:13:31.464-04:00"},"s":"I",  "c":"SHARDING", "id":4784921, "ctx":"SignalHandler","msg":"Shutting down the MigrationUtilExecutor"}
{"t":{"$date":"2021-10-21T10:13:31.464-04:00"},"s":"I",  "c":"ASIO",     "id":22582,   "ctx":"MigrationUtil-TaskExecutor","msg":"Killing all outstanding egress activity."}
{"t":{"$date":"2021-10-21T10:13:31.464-04:00"},"s":"I",  "c":"COMMAND",  "id":4784923, "ctx":"SignalHandler","msg":"Shutting down the ServiceEntryPoint"}
{"t":{"$date":"2021-10-21T10:13:31.464-04:00"},"s":"I",  "c":"CONTROL",  "id":4784925, "ctx":"SignalHandler","msg":"Shutting down free monitoring"}
{"t":{"$date":"2021-10-21T10:13:31.464-04:00"},"s":"I",  "c":"CONTROL",  "id":20609,   "ctx":"SignalHandler","msg":"Shutting down free monitoring"}
{"t":{"$date":"2021-10-21T10:13:31.464-04:00"},"s":"I",  "c":"CONTROL",  "id":4784927, "ctx":"SignalHandler","msg":"Shutting down the HealthLog"}
{"t":{"$date":"2021-10-21T10:13:31.464-04:00"},"s":"I",  "c":"CONTROL",  "id":4784928, "ctx":"SignalHandler","msg":"Shutting down the TTL monitor"}
{"t":{"$date":"2021-10-21T10:13:31.464-04:00"},"s":"I",  "c":"INDEX",    "id":3684100, "ctx":"SignalHandler","msg":"Shutting down TTL collection monitor thread"}
{"t":{"$date":"2021-10-21T10:13:31.465-04:00"},"s":"I",  "c":"INDEX",    "id":3684101, "ctx":"SignalHandler","msg":"Finished shutting down TTL collection monitor thread"}
{"t":{"$date":"2021-10-21T10:13:31.465-04:00"},"s":"I",  "c":"CONTROL",  "id":4784929, "ctx":"SignalHandler","msg":"Acquiring the global lock for shutdown"}
{"t":{"$date":"2021-10-21T10:13:31.465-04:00"},"s":"I",  "c":"CONTROL",  "id":4784930, "ctx":"SignalHandler","msg":"Shutting down the storage engine"}
{"t":{"$date":"2021-10-21T10:13:31.465-04:00"},"s":"I",  "c":"STORAGE",  "id":22320,   "ctx":"SignalHandler","msg":"Shutting down journal flusher thread"}
{"t":{"$date":"2021-10-21T10:13:31.465-04:00"},"s":"I",  "c":"STORAGE",  "id":22321,   "ctx":"SignalHandler","msg":"Finished shutting down journal flusher thread"}
{"t":{"$date":"2021-10-21T10:13:31.465-04:00"},"s":"I",  "c":"STORAGE",  "id":22322,   "ctx":"SignalHandler","msg":"Shutting down checkpoint thread"}
{"t":{"$date":"2021-10-21T10:13:31.465-04:00"},"s":"I",  "c":"STORAGE",  "id":22323,   "ctx":"SignalHandler","msg":"Finished shutting down checkpoint thread"}
{"t":{"$date":"2021-10-21T10:13:31.465-04:00"},"s":"I",  "c":"STORAGE",  "id":20282,   "ctx":"SignalHandler","msg":"Deregistering all the collections"}
{"t":{"$date":"2021-10-21T10:13:31.465-04:00"},"s":"I",  "c":"STORAGE",  "id":22261,   "ctx":"SignalHandler","msg":"Timestamp monitor shutting down"}
{"t":{"$date":"2021-10-21T10:13:31.465-04:00"},"s":"I",  "c":"STORAGE",  "id":22317,   "ctx":"SignalHandler","msg":"WiredTigerKVEngine shutting down"}
{"t":{"$date":"2021-10-21T10:13:31.487-04:00"},"s":"I",  "c":"STORAGE",  "id":22318,   "ctx":"SignalHandler","msg":"Shutting down session sweeper thread"}
{"t":{"$date":"2021-10-21T10:13:31.488-04:00"},"s":"I",  "c":"STORAGE",  "id":22319,   "ctx":"SignalHandler","msg":"Finished shutting down session sweeper thread"}
{"t":{"$date":"2021-10-21T10:13:31.488-04:00"},"s":"I",  "c":"STORAGE",  "id":4795902, "ctx":"SignalHandler","msg":"Closing WiredTiger","attr":{"closeConfig":"leak_memory=true,"}}
{"t":{"$date":"2021-10-21T10:13:31.489-04:00"},"s":"I",  "c":"STORAGE",  "id":22430,   "ctx":"SignalHandler","msg":"WiredTiger message","attr":{"message":"[1634825611:489680][16254:0x70000a49b000], close_ckpt: [WT_VERB_CHECKPOINT_PROGRESS] saving checkpoint snapshot min: 4, snapshot max: 4 snapshot count: 0, oldest timestamp: (0, 0) , meta checkpoint timestamp: (0, 0) base write gen: 66"}}
{"t":{"$date":"2021-10-21T10:13:31.729-04:00"},"s":"I",  "c":"STORAGE",  "id":4795901, "ctx":"SignalHandler","msg":"WiredTiger closed","attr":{"durationMillis":241}}
{"t":{"$date":"2021-10-21T10:13:31.730-04:00"},"s":"I",  "c":"STORAGE",  "id":22279,   "ctx":"SignalHandler","msg":"shutdown: removing fs lock..."}
{"t":{"$date":"2021-10-21T10:13:31.730-04:00"},"s":"I",  "c":"-",        "id":4784931, "ctx":"SignalHandler","msg":"Dropping the scope cache for shutdown"}
{"t":{"$date":"2021-10-21T10:13:31.730-04:00"},"s":"I",  "c":"FTDC",     "id":4784926, "ctx":"SignalHandler","msg":"Shutting down full-time data capture"}
{"t":{"$date":"2021-10-21T10:13:31.730-04:00"},"s":"I",  "c":"FTDC",     "id":20626,   "ctx":"SignalHandler","msg":"Shutting down full-time diagnostic data capture"}
{"t":{"$date":"2021-10-21T10:13:31.732-04:00"},"s":"I",  "c":"CONTROL",  "id":20565,   "ctx":"SignalHandler","msg":"Now exiting"}
{"t":{"$date":"2021-10-21T10:13:31.732-04:00"},"s":"I",  "c":"CONTROL",  "id":23138,   "ctx":"SignalHandler","msg":"Shutting down","attr":{"exitCode":0}}

{"t":{"$date":"2021-10-21T10:18:18.843-04:00"},"s":"I",  "c":"CONTROL",  "id":20698,   "ctx":"-","msg":"***** SERVER RESTARTED *****"}
{"t":{"$date":"2021-10-21T10:18:18.848-04:00"},"s":"I",  "c":"NETWORK",  "id":4915701, "ctx":"-","msg":"Initialized wire specification","attr":{"spec":{"incomingExternalClient":{"minWireVersion":0,"maxWireVersion":13},"incomingInternalClient":{"minWireVersion":0,"maxWireVersion":13},"outgoing":{"minWireVersion":0,"maxWireVersion":13},"isInternalClient":true}}}
{"t":{"$date":"2021-10-21T10:18:18.848-04:00"},"s":"I",  "c":"CONTROL",  "id":23285,   "ctx":"-","msg":"Automatically disabling TLS 1.0, to force-enable TLS 1.0 specify --sslDisabledProtocols 'none'"}
{"t":{"$date":"2021-10-21T10:18:18.850-04:00"},"s":"W",  "c":"ASIO",     "id":22601,   "ctx":"main","msg":"No TransportLayer configured during NetworkInterface startup"}
{"t":{"$date":"2021-10-21T10:18:18.850-04:00"},"s":"I",  "c":"NETWORK",  "id":4648602, "ctx":"main","msg":"Implicit TCP FastOpen in use."}
{"t":{"$date":"2021-10-21T10:18:18.852-04:00"},"s":"W",  "c":"ASIO",     "id":22601,   "ctx":"main","msg":"No TransportLayer configured during NetworkInterface startup"}
{"t":{"$date":"2021-10-21T10:18:18.852-04:00"},"s":"I",  "c":"REPL",     "id":5123008, "ctx":"main","msg":"Successfully registered PrimaryOnlyService","attr":{"service":"TenantMigrationDonorService","ns":"config.tenantMigrationDonors"}}
{"t":{"$date":"2021-10-21T10:18:18.852-04:00"},"s":"I",  "c":"REPL",     "id":5123008, "ctx":"main","msg":"Successfully registered PrimaryOnlyService","attr":{"service":"TenantMigrationRecipientService","ns":"config.tenantMigrationRecipients"}}
{"t":{"$date":"2021-10-21T10:18:18.852-04:00"},"s":"I",  "c":"CONTROL",  "id":4615611, "ctx":"initandlisten","msg":"MongoDB starting","attr":{"pid":18000,"port":27017,"dbPath":"/usr/local/var/mongodb","architecture":"64-bit","host":"RBXDev05.local"}}
{"t":{"$date":"2021-10-21T10:18:18.853-04:00"},"s":"I",  "c":"CONTROL",  "id":23403,   "ctx":"initandlisten","msg":"Build Info","attr":{"buildInfo":{"version":"5.0.3","gitVersion":"657fea5a61a74d7a79df7aff8e4bcf0bc742b748","modules":[],"allocator":"system","environment":{"distarch":"x86_64","target_arch":"x86_64"}}}}
{"t":{"$date":"2021-10-21T10:18:18.853-04:00"},"s":"I",  "c":"CONTROL",  "id":51765,   "ctx":"initandlisten","msg":"Operating System","attr":{"os":{"name":"Mac OS X","version":"20.6.0"}}}
{"t":{"$date":"2021-10-21T10:18:18.853-04:00"},"s":"I",  "c":"CONTROL",  "id":21951,   "ctx":"initandlisten","msg":"Options set by command line","attr":{"options":{"config":"/usr/local/etc/mongod.conf","net":{"bindIp":"127.0.0.1"},"storage":{"dbPath":"/usr/local/var/mongodb"},"systemLog":{"destination":"file","logAppend":true,"path":"/usr/local/var/log/mongodb/mongo.log"}}}}
{"t":{"$date":"2021-10-21T10:18:18.855-04:00"},"s":"E",  "c":"CONTROL",  "id":20557,   "ctx":"initandlisten","msg":"DBException in initAndListen, terminating","attr":{"error":"IllegalOperation: Attempted to create a lock file on a read-only directory: /usr/local/var/mongodb"}}
{"t":{"$date":"2021-10-21T10:18:18.855-04:00"},"s":"I",  "c":"REPL",     "id":4784900, "ctx":"initandlisten","msg":"Stepping down the ReplicationCoordinator for shutdown","attr":{"waitTimeMillis":15000}}
{"t":{"$date":"2021-10-21T10:18:18.855-04:00"},"s":"I",  "c":"COMMAND",  "id":4784901, "ctx":"initandlisten","msg":"Shutting down the MirrorMaestro"}
{"t":{"$date":"2021-10-21T10:18:18.855-04:00"},"s":"I",  "c":"SHARDING", "id":4784902, "ctx":"initandlisten","msg":"Shutting down the WaitForMajorityService"}
{"t":{"$date":"2021-10-21T10:18:18.855-04:00"},"s":"I",  "c":"NETWORK",  "id":20562,   "ctx":"initandlisten","msg":"Shutdown: going to close listening sockets"}
{"t":{"$date":"2021-10-21T10:18:18.855-04:00"},"s":"I",  "c":"NETWORK",  "id":4784905, "ctx":"initandlisten","msg":"Shutting down the global connection pool"}
{"t":{"$date":"2021-10-21T10:18:18.855-04:00"},"s":"I",  "c":"CONTROL",  "id":4784906, "ctx":"initandlisten","msg":"Shutting down the FlowControlTicketholder"}
{"t":{"$date":"2021-10-21T10:18:18.855-04:00"},"s":"I",  "c":"-",        "id":20520,   "ctx":"initandlisten","msg":"Stopping further Flow Control ticket acquisitions."}
{"t":{"$date":"2021-10-21T10:18:18.855-04:00"},"s":"I",  "c":"NETWORK",  "id":4784918, "ctx":"initandlisten","msg":"Shutting down the ReplicaSetMonitor"}
{"t":{"$date":"2021-10-21T10:18:18.855-04:00"},"s":"I",  "c":"SHARDING", "id":4784921, "ctx":"initandlisten","msg":"Shutting down the MigrationUtilExecutor"}
{"t":{"$date":"2021-10-21T10:18:18.855-04:00"},"s":"I",  "c":"ASIO",     "id":22582,   "ctx":"MigrationUtil-TaskExecutor","msg":"Killing all outstanding egress activity."}
{"t":{"$date":"2021-10-21T10:18:18.855-04:00"},"s":"I",  "c":"COMMAND",  "id":4784923, "ctx":"initandlisten","msg":"Shutting down the ServiceEntryPoint"}
{"t":{"$date":"2021-10-21T10:18:18.855-04:00"},"s":"I",  "c":"CONTROL",  "id":4784925, "ctx":"initandlisten","msg":"Shutting down free monitoring"}
{"t":{"$date":"2021-10-21T10:18:18.855-04:00"},"s":"I",  "c":"CONTROL",  "id":4784927, "ctx":"initandlisten","msg":"Shutting down the HealthLog"}
{"t":{"$date":"2021-10-21T10:18:18.855-04:00"},"s":"I",  "c":"CONTROL",  "id":4784928, "ctx":"initandlisten","msg":"Shutting down the TTL monitor"}
{"t":{"$date":"2021-10-21T10:18:18.855-04:00"},"s":"I",  "c":"CONTROL",  "id":4784929, "ctx":"initandlisten","msg":"Acquiring the global lock for shutdown"}
{"t":{"$date":"2021-10-21T10:18:18.855-04:00"},"s":"I",  "c":"-",        "id":4784931, "ctx":"initandlisten","msg":"Dropping the scope cache for shutdown"}
{"t":{"$date":"2021-10-21T10:18:18.855-04:00"},"s":"I",  "c":"FTDC",     "id":4784926, "ctx":"initandlisten","msg":"Shutting down full-time data capture"}
{"t":{"$date":"2021-10-21T10:18:18.855-04:00"},"s":"I",  "c":"CONTROL",  "id":20565,   "ctx":"initandlisten","msg":"Now exiting"}
{"t":{"$date":"2021-10-21T10:18:18.856-04:00"},"s":"I",  "c":"CONTROL",  "id":23138,   "ctx":"initandlisten","msg":"Shutting down","attr":{"exitCode":100}}
